<?xml version="1.0" encoding="UTF-8"?>
<testsuite xmlns:xsi="http://www.w3.org/2001/XMLSchema-instance" xsi:noNamespaceSchemaLocation="https://maven.apache.org/surefire/maven-surefire-plugin/xsd/surefire-test-report.xsd" name="com.soft1851.coursecenter.dao.CourseMapperTest" time="10.161" tests="2" errors="0" skipped="0" failures="0">
  <properties>
[...]
</properties>
  <testcase name="get" classname="com.soft1851.coursecenter.dao.CourseMapperTest" time="2.415"/>
  <testcase name="list" classname="com.soft1851.coursecenter.dao.CourseMapperTest" time="0.026"/>
</testsuite>